{"numFailedTestSuites":0,"numFailedTests":0,"numPassedTestSuites":2,"numPassedTests":8,"numPendingTestSuites":0,"numPendingTests":0,"numRuntimeErrorTestSuites":0,"numTodoTests":0,"numTotalTestSuites":2,"numTotalTests":8,"openHandles":[],"snapshot":{"added":0,"didUpdate":false,"failure":false,"filesAdded":0,"filesRemoved":0,"filesRemovedList":[],"filesUnmatched":0,"filesUpdated":0,"matched":0,"total":0,"unchecked":0,"uncheckedKeysByFile":[],"unmatched":0,"updated":0},"startTime":1753514833722,"success":true,"testResults":[{"assertionResults":[{"ancestorTitles":["WorkoutList"],"failureMessages":[],"fullName":"WorkoutList shows loader, fetches and renders workouts","location":null,"status":"passed","title":"shows loader, fetches and renders workouts"},{"ancestorTitles":["WorkoutList"],"failureMessages":[],"fullName":"WorkoutList handles empty state","location":null,"status":"passed","title":"handles empty state"},{"ancestorTitles":["WorkoutList"],"failureMessages":[],"fullName":"WorkoutList handles API error","location":null,"status":"passed","title":"handles API error"}],"endTime":1753514836266,"message":"","name":"/home/coder/project/workspace/question_generation_service/solutions/0c06a440-b4a5-436c-becd-b34f60bfc48c/reactapp/src/components/WorkoutList.test.js","startTime":1753514834545,"status":"passed","summary":""},{"assertionResults":[{"ancestorTitles":["AddWorkoutForm"],"failureMessages":[],"fullName":"AddWorkoutForm renders all fields and submit button","location":null,"status":"passed","title":"renders all fields and submit button"},{"ancestorTitles":["AddWorkoutForm"],"failureMessages":[],"fullName":"AddWorkoutForm validates empty fields and shows error","location":null,"status":"passed","title":"validates empty fields and shows error"},{"ancestorTitles":["AddWorkoutForm"],"failureMessages":[],"fullName":"AddWorkoutForm prevents future date and shows error","location":null,"status":"passed","title":"prevents future date and shows error"},{"ancestorTitles":["AddWorkoutForm"],"failureMessages":[],"fullName":"AddWorkoutForm submits valid data, shows success and resets form","location":null,"status":"passed","title":"submits valid data, shows success and resets form"},{"ancestorTitles":["AddWorkoutForm"],"failureMessages":[],"fullName":"AddWorkoutForm shows backend error summary and field errors","location":null,"status":"passed","title":"shows backend error summary and field errors"}],"endTime":1753514836382,"message":"","name":"/home/coder/project/workspace/question_generation_service/solutions/0c06a440-b4a5-436c-becd-b34f60bfc48c/reactapp/src/components/AddWorkoutForm.test.js","startTime":1753514834512,"status":"passed","summary":""}],"wasInterrupted":false}